
     _                _ _
    / \   _ __   ___ | | | ___
   / _ \ | '_ \ / _ \| | |/ _ \
  / ___ \| |_) | (_) | | | (_) |
 /_/   \_\ .__/ \___/|_|_|\___/
         |_|

:: Spring Boot ::  (v2.7.11)

-- 配置服务应用
2024-09-05 16:52:15.658  INFO 80321 --- [           main] c.c.f.apollo.portal.PortalApplication    : Starting PortalApplication v2.3.0 using Java 1.8.0_421 on lihuagangdebijibendiannao.local with PID 80321 (/Users/lihuagang/Documents/workspace/apollo/apollo-portal/target/apollo-portal-2.3.0.jar started by lihuagang in /Users/lihuagang/Documents/workspace/apollo/apollo-portal)
2024-09-05 16:52:15.660  INFO 80321 --- [           main] c.c.f.apollo.portal.PortalApplication    : The following 3 profiles are active: "github", "mysql", "database-discovery"
2024-09-05 16:52:16.518  INFO 80321 --- [           main] .s.d.r.c.RepositoryConfigurationDelegate : Multiple Spring Data modules found, entering strict repository configuration mode
2024-09-05 16:52:16.519  INFO 80321 --- [           main] .s.d.r.c.RepositoryConfigurationDelegate : Bootstrapping Spring Data JPA repositories in DEFAULT mode.
2024-09-05 16:52:16.610  INFO 80321 --- [           main] .s.d.r.c.RepositoryConfigurationDelegate : Finished Spring Data repository scanning in 86 ms. Found 16 JPA repository interfaces.
2024-09-05 16:52:16.860  INFO 80321 --- [           main] trationDelegate$BeanPostProcessorChecker : Bean 'httpMessageConverterConfiguration' of type [com.ctrip.framework.apollo.common.controller.HttpMessageConverterConfiguration$$EnhancerBySpringCGLIB$$908ff0cd] is not eligible for getting processed by all BeanPostProcessors (for example: not eligible for auto-proxying)
2024-09-05 16:52:16.891  INFO 80321 --- [           main] trationDelegate$BeanPostProcessorChecker : Bean 'messageConverters' of type [com.ctrip.framework.apollo.common.controller.HttpMessageConverterConfiguration$1] is not eligible for getting processed by all BeanPostProcessors (for example: not eligible for auto-proxying)
2024-09-05 16:52:16.908  INFO 80321 --- [           main] trationDelegate$BeanPostProcessorChecker : Bean '(inner bean)#1c55f277' of type [org.springframework.beans.factory.config.PropertiesFactoryBean] is not eligible for getting processed by all BeanPostProcessors (for example: not eligible for auto-proxying)
2024-09-05 16:52:16.908  INFO 80321 --- [           main] trationDelegate$BeanPostProcessorChecker : Bean '(inner bean)#1c55f277' of type [java.util.Properties] is not eligible for getting processed by all BeanPostProcessors (for example: not eligible for auto-proxying)
2024-09-05 16:52:16.908  INFO 80321 --- [           main] trationDelegate$BeanPostProcessorChecker : Bean '(inner bean)#1bc715b8' of type [org.springframework.data.repository.core.support.PropertiesBasedNamedQueries] is not eligible for getting processed by all BeanPostProcessors (for example: not eligible for auto-proxying)
2024-09-05 16:52:16.909  INFO 80321 --- [           main] trationDelegate$BeanPostProcessorChecker : Bean '(inner bean)#1de5f0ef' of type [org.springframework.data.repository.core.support.RepositoryFragmentsFactoryBean] is not eligible for getting processed by all BeanPostProcessors (for example: not eligible for auto-proxying)
2024-09-05 16:52:16.910  INFO 80321 --- [           main] trationDelegate$BeanPostProcessorChecker : Bean '(inner bean)#1de5f0ef' of type [org.springframework.data.repository.core.support.RepositoryComposition$RepositoryFragments] is not eligible for getting processed by all BeanPostProcessors (for example: not eligible for auto-proxying)
2024-09-05 16:52:16.911  INFO 80321 --- [           main] trationDelegate$BeanPostProcessorChecker : Bean 'org.springframework.boot.autoconfigure.sql.init.DataSourceInitializationConfiguration' of type [org.springframework.boot.autoconfigure.sql.init.DataSourceInitializationConfiguration] is not eligible for getting processed by all BeanPostProcessors (for example: not eligible for auto-proxying)
2024-09-05 16:52:16.912  INFO 80321 --- [           main] trationDelegate$BeanPostProcessorChecker : Bean 'org.springframework.boot.autoconfigure.jdbc.DataSourceConfiguration$Hikari' of type [org.springframework.boot.autoconfigure.jdbc.DataSourceConfiguration$Hikari] is not eligible for getting processed by all BeanPostProcessors (for example: not eligible for auto-proxying)
2024-09-05 16:52:16.932  INFO 80321 --- [           main] trationDelegate$BeanPostProcessorChecker : Bean 'spring.datasource-org.springframework.boot.autoconfigure.jdbc.DataSourceProperties' of type [org.springframework.boot.autoconfigure.jdbc.DataSourceProperties] is not eligible for getting processed by all BeanPostProcessors (for example: not eligible for auto-proxying)
2024-09-05 16:52:16.948  INFO 80321 --- [           main] trationDelegate$BeanPostProcessorChecker : Bean 'dataSource' of type [com.zaxxer.hikari.HikariDataSource] is not eligible for getting processed by all BeanPostProcessors (for example: not eligible for auto-proxying)
2024-09-05 16:52:16.950  INFO 80321 --- [           main] trationDelegate$BeanPostProcessorChecker : Bean 'spring.sql.init-org.springframework.boot.autoconfigure.sql.init.SqlInitializationProperties' of type [org.springframework.boot.autoconfigure.sql.init.SqlInitializationProperties] is not eligible for getting processed by all BeanPostProcessors (for example: not eligible for auto-proxying)
2024-09-05 16:52:16.952  INFO 80321 --- [           main] trationDelegate$BeanPostProcessorChecker : Bean 'dataSourceScriptDatabaseInitializer' of type [org.springframework.boot.autoconfigure.sql.init.SqlDataSourceScriptDatabaseInitializer] is not eligible for getting processed by all BeanPostProcessors (for example: not eligible for auto-proxying)
2024-09-05 16:52:16.955  INFO 80321 --- [           main] trationDelegate$BeanPostProcessorChecker : Bean 'spring.jpa-org.springframework.boot.autoconfigure.orm.jpa.JpaProperties' of type [org.springframework.boot.autoconfigure.orm.jpa.JpaProperties] is not eligible for getting processed by all BeanPostProcessors (for example: not eligible for auto-proxying)
2024-09-05 16:52:16.957  INFO 80321 --- [           main] trationDelegate$BeanPostProcessorChecker : Bean 'spring.jpa.hibernate-org.springframework.boot.autoconfigure.orm.jpa.HibernateProperties' of type [org.springframework.boot.autoconfigure.orm.jpa.HibernateProperties] is not eligible for getting processed by all BeanPostProcessors (for example: not eligible for auto-proxying)
2024-09-05 16:52:16.959  INFO 80321 --- [           main] trationDelegate$BeanPostProcessorChecker : Bean 'org.springframework.boot.autoconfigure.jdbc.metadata.DataSourcePoolMetadataProvidersConfiguration$HikariPoolDataSourceMetadataProviderConfiguration' of type [org.springframework.boot.autoconfigure.jdbc.metadata.DataSourcePoolMetadataProvidersConfiguration$HikariPoolDataSourceMetadataProviderConfiguration] is not eligible for getting processed by all BeanPostProcessors (for example: not eligible for auto-proxying)
2024-09-05 16:52:16.960  INFO 80321 --- [           main] trationDelegate$BeanPostProcessorChecker : Bean 'hikariPoolDataSourceMetadataProvider' of type [org.springframework.boot.autoconfigure.jdbc.metadata.DataSourcePoolMetadataProvidersConfiguration$HikariPoolDataSourceMetadataProviderConfiguration$$Lambda$477/0x0000000800533828] is not eligible for getting processed by all BeanPostProcessors (for example: not eligible for auto-proxying)
2024-09-05 16:52:16.963  INFO 80321 --- [           main] trationDelegate$BeanPostProcessorChecker : Bean 'org.springframework.boot.autoconfigure.orm.jpa.HibernateJpaConfiguration' of type [org.springframework.boot.autoconfigure.orm.jpa.HibernateJpaConfiguration] is not eligible for getting processed by all BeanPostProcessors (for example: not eligible for auto-proxying)
2024-09-05 16:52:16.971  INFO 80321 --- [           main] trationDelegate$BeanPostProcessorChecker : Bean 'jpaVendorAdapter' of type [org.springframework.orm.jpa.vendor.HibernateJpaVendorAdapter] is not eligible for getting processed by all BeanPostProcessors (for example: not eligible for auto-proxying)
2024-09-05 16:52:16.973  INFO 80321 --- [           main] trationDelegate$BeanPostProcessorChecker : Bean 'entityManagerFactoryBuilder' of type [org.springframework.boot.orm.jpa.EntityManagerFactoryBuilder] is not eligible for getting processed by all BeanPostProcessors (for example: not eligible for auto-proxying)
-- 数据源，初始化
2024-09-05 16:52:16.982  INFO 80321 --- [           main] com.zaxxer.hikari.HikariDataSource       : HikariPool-1 - Starting...
2024-09-05 16:52:17.111  INFO 80321 --- [           main] com.zaxxer.hikari.HikariDataSource       : HikariPool-1 - Start completed.
-- Hibernate ORM
2024-09-05 16:52:17.156  INFO 80321 --- [           main] o.hibernate.jpa.internal.util.LogHelper  : HHH000204: Processing PersistenceUnitInfo [name: default]
2024-09-05 16:52:17.200  INFO 80321 --- [           main] org.hibernate.Version                    : HHH000412: Hibernate ORM core version 5.6.15.Final
2024-09-05 16:52:17.356  INFO 80321 --- [           main] o.hibernate.annotations.common.Version   : HCANN000001: Hibernate Commons Annotations {5.1.2.Final}
2024-09-05 16:52:17.447  INFO 80321 --- [           main] org.hibernate.dialect.Dialect            : HHH000400: Using dialect: org.hibernate.dialect.MySQL8Dialect
2024-09-05 16:52:17.497  WARN 80321 --- [           main] org.hibernate.cfg.AnnotationBinder       : HHH000503: A class should not be annotated with both @Inheritance and @MappedSuperclass. @Inheritance will be ignored for: com.ctrip.framework.apollo.common.entity.BaseEntity.
2024-09-05 16:52:17.549  WARN 80321 --- [           main] org.hibernate.cfg.AnnotationBinder       : HHH000503: A class should not be annotated with both @Inheritance and @MappedSuperclass. @Inheritance will be ignored for: com.ctrip.framework.apollo.audit.entity.BaseEntity.
2024-09-05 16:52:18.007  INFO 80321 --- [           main] o.h.e.t.j.p.i.JtaPlatformInitiator       : HHH000490: Using JtaPlatform implementation: [org.hibernate.engine.transaction.jta.platform.internal.NoJtaPlatform]
2024-09-05 16:52:18.014  INFO 80321 --- [           main] j.LocalContainerEntityManagerFactoryBean : Initialized JPA EntityManagerFactory for persistence unit 'default'
2024-09-05 16:52:18.017  INFO 80321 --- [           main] trationDelegate$BeanPostProcessorChecker : Bean 'entityManagerFactory' of type [org.springframework.orm.jpa.LocalContainerEntityManagerFactoryBean] is not eligible for getting processed by all BeanPostProcessors (for example: not eligible for auto-proxying)
2024-09-05 16:52:18.017  INFO 80321 --- [           main] trationDelegate$BeanPostProcessorChecker : Bean 'entityManagerFactory' of type [com.sun.proxy.$Proxy134] is not eligible for getting processed by all BeanPostProcessors (for example: not eligible for auto-proxying)
2024-09-05 16:52:18.031  INFO 80321 --- [           main] trationDelegate$BeanPostProcessorChecker : Bean '(inner bean)#3ce3db41' of type [com.sun.proxy.$Proxy135] is not eligible for getting processed by all BeanPostProcessors (for example: not eligible for auto-proxying)
2024-09-05 16:52:18.043  INFO 80321 --- [           main] trationDelegate$BeanPostProcessorChecker : Bean 'jpaMappingContext' of type [org.springframework.data.jpa.repository.config.JpaMetamodelMappingContextFactoryBean] is not eligible for getting processed by all BeanPostProcessors (for example: not eligible for auto-proxying)
2024-09-05 16:52:18.043  INFO 80321 --- [           main] trationDelegate$BeanPostProcessorChecker : Bean 'jpaMappingContext' of type [org.springframework.data.jpa.mapping.JpaMetamodelMappingContext] is not eligible for getting processed by all BeanPostProcessors (for example: not eligible for auto-proxying)
2024-09-05 16:52:18.281  INFO 80321 --- [           main] trationDelegate$BeanPostProcessorChecker : Bean 'serverConfigRepository' of type [org.springframework.data.jpa.repository.support.JpaRepositoryFactoryBean] is not eligible for getting processed by all BeanPostProcessors (for example: not eligible for auto-proxying)
2024-09-05 16:52:18.281  INFO 80321 --- [           main] trationDelegate$BeanPostProcessorChecker : Bean 'serverConfigRepository' of type [com.sun.proxy.$Proxy138] is not eligible for getting processed by all BeanPostProcessors (for example: not eligible for auto-proxying)
2024-09-05 16:52:18.285  INFO 80321 --- [           main] trationDelegate$BeanPostProcessorChecker : Bean 'portalDBPropertySource' of type [com.ctrip.framework.apollo.portal.service.PortalDBPropertySource] is not eligible for getting processed by all BeanPostProcessors (for example: not eligible for auto-proxying)
2024-09-05 16:52:18.304  INFO 80321 --- [           main] trationDelegate$BeanPostProcessorChecker : Bean 'org.springframework.boot.autoconfigure.transaction.TransactionAutoConfiguration' of type [org.springframework.boot.autoconfigure.transaction.TransactionAutoConfiguration] is not eligible for getting processed by all BeanPostProcessors (for example: not eligible for auto-proxying)
2024-09-05 16:52:18.307  INFO 80321 --- [           main] trationDelegate$BeanPostProcessorChecker : Bean 'spring.transaction-org.springframework.boot.autoconfigure.transaction.TransactionProperties' of type [org.springframework.boot.autoconfigure.transaction.TransactionProperties] is not eligible for getting processed by all BeanPostProcessors (for example: not eligible for auto-proxying)
2024-09-05 16:52:18.308  INFO 80321 --- [           main] trationDelegate$BeanPostProcessorChecker : Bean 'platformTransactionManagerCustomizers' of type [org.springframework.boot.autoconfigure.transaction.TransactionManagerCustomizers] is not eligible for getting processed by all BeanPostProcessors (for example: not eligible for auto-proxying)
2024-09-05 16:52:18.312  INFO 80321 --- [           main] trationDelegate$BeanPostProcessorChecker : Bean 'transactionManager' of type [org.springframework.orm.jpa.JpaTransactionManager] is not eligible for getting processed by all BeanPostProcessors (for example: not eligible for auto-proxying)
-- 从数据库加载配置属性源
2024-09-05 16:52:18.425  INFO 80321 --- [           main] c.c.f.a.p.s.PortalDBPropertySource       : Load config from DB : apollo.portal.envs = dev,local
2024-09-05 16:52:18.425  INFO 80321 --- [           main] c.c.f.a.p.s.PortalDBPropertySource       : Load config from DB : organizations = [{"orgId":"TEST1","orgName":"样例部门1"},{"orgId":"TEST2","orgName":"样例部门2"}]. Old value = null
2024-09-05 16:52:18.425  INFO 80321 --- [           main] c.c.f.a.p.s.PortalDBPropertySource       : Load config from DB : superAdmin = apollo,lihuagang. Old value = null
2024-09-05 16:52:18.425  INFO 80321 --- [           main] c.c.f.a.p.s.PortalDBPropertySource       : Load config from DB : api.readTimeout = 10000. Old value = null
2024-09-05 16:52:18.426  INFO 80321 --- [           main] c.c.f.a.p.s.PortalDBPropertySource       : Load config from DB : consumer.token.salt = someSalt. Old value = null
2024-09-05 16:52:18.426  INFO 80321 --- [           main] c.c.f.a.p.s.PortalDBPropertySource       : Load config from DB : admin.createPrivateNamespace.switch = true. Old value = null
2024-09-05 16:52:18.426  INFO 80321 --- [           main] c.c.f.a.p.s.PortalDBPropertySource       : Load config from DB : configView.memberOnly.envs = pro. Old value = null
2024-09-05 16:52:18.426  INFO 80321 --- [           main] c.c.f.a.p.s.PortalDBPropertySource       : Load config from DB : apollo.portal.meta.servers = {}. Old value = null
2024-09-05 16:52:18.427  INFO 80321 --- [           main] trationDelegate$BeanPostProcessorChecker : Bean 'portalConfig' of type [com.ctrip.framework.apollo.portal.component.config.PortalConfig] is not eligible for getting processed by all BeanPostProcessors (for example: not eligible for auto-proxying)
2024-09-05 16:52:18.428  INFO 80321 --- [           main] trationDelegate$BeanPostProcessorChecker : Bean 'apollo.audit.log-com.ctrip.framework.apollo.audit.ApolloAuditProperties' of type [com.ctrip.framework.apollo.audit.ApolloAuditProperties] is not eligible for getting processed by all BeanPostProcessors (for example: not eligible for auto-proxying)
-- 操作审计日志
2024-09-05 16:52:18.429  INFO 80321 --- [           main] c.c.f.a.a.c.ApolloAuditAutoConfiguration : ApolloAuditAutoConfigure initializing...
2024-09-05 16:52:18.429  INFO 80321 --- [           main] trationDelegate$BeanPostProcessorChecker : Bean 'com.ctrip.framework.apollo.audit.configuration.ApolloAuditAutoConfiguration' of type [com.ctrip.framework.apollo.audit.configuration.ApolloAuditAutoConfiguration$$EnhancerBySpringCGLIB$$938a6745] is not eligible for getting processed by all BeanPostProcessors (for example: not eligible for auto-proxying)
2024-09-05 16:52:18.430  INFO 80321 --- [           main] trationDelegate$BeanPostProcessorChecker : Bean 'authConfiguration.DefaultAuthAutoConfiguration' of type [com.ctrip.framework.apollo.portal.spi.configuration.AuthConfiguration$DefaultAuthAutoConfiguration$$EnhancerBySpringCGLIB$$eba6a697] is not eligible for getting processed by all BeanPostProcessors (for example: not eligible for auto-proxying)
2024-09-05 16:52:18.432  INFO 80321 --- [           main] trationDelegate$BeanPostProcessorChecker : Bean 'defaultUserInfoHolder' of type [com.ctrip.framework.apollo.portal.spi.defaultimpl.DefaultUserInfoHolder] is not eligible for getting processed by all BeanPostProcessors (for example: not eligible for auto-proxying)
2024-09-05 16:52:18.432  INFO 80321 --- [           main] trationDelegate$BeanPostProcessorChecker : Bean 'apolloAuditOperatorPortalSupplier' of type [com.ctrip.framework.apollo.portal.audit.ApolloAuditOperatorPortalSupplier] is not eligible for getting processed by all BeanPostProcessors (for example: not eligible for auto-proxying)
2024-09-05 16:52:18.436  INFO 80321 --- [           main] trationDelegate$BeanPostProcessorChecker : Bean 'apolloAuditTraceContext' of type [com.ctrip.framework.apollo.audit.context.ApolloAuditTraceContext] is not eligible for getting processed by all BeanPostProcessors (for example: not eligible for auto-proxying)
2024-09-05 16:52:18.437  INFO 80321 --- [           main] trationDelegate$BeanPostProcessorChecker : Bean 'apolloAuditHttpInterceptor' of type [com.ctrip.framework.apollo.audit.component.ApolloAuditHttpInterceptor] is not eligible for getting processed by all BeanPostProcessors (for example: not eligible for auto-proxying)
-- Tomcat，localhost:8070
2024-09-05 16:52:18.779  INFO 80321 --- [           main] o.s.b.w.embedded.tomcat.TomcatWebServer  : Tomcat initialized with port(s): 8070 (http)
2024-09-05 16:52:18.787  INFO 80321 --- [           main] o.apache.catalina.core.StandardService   : Starting service [Tomcat]
2024-09-05 16:52:18.787  INFO 80321 --- [           main] org.apache.catalina.core.StandardEngine  : Starting Servlet engine: [Apache Tomcat/9.0.74]
2024-09-05 16:52:18.873  INFO 80321 --- [           main] o.a.c.c.C.[Tomcat].[localhost].[/]       : Initializing Spring embedded WebApplicationContext
2024-09-05 16:52:18.873  INFO 80321 --- [           main] w.s.c.ServletWebServerApplicationContext : Root WebApplicationContext: initialization completed in 3188 ms
-- 元数据服务，http://localhost:8080
2024-09-05 16:52:19.354  INFO 80321 --- [           main] f.a.p.e.DatabasePortalMetaServerProvider : Loaded meta server addresses from portal config: {}
2024-09-05 16:52:19.365  INFO 80321 --- [           main] .f.a.p.e.DefaultPortalMetaServerProvider : Loaded meta server addresses from system property, os environment and properties file: {UAT=http://localhost:8080, PRO=http://localhost:8080, LPT=${lpt_meta}, DEV=http://localhost:8080, FAT=http://localhost:8080, LOCAL=http://localhost:8080}
2024-09-05 16:52:19.624  INFO 80321 --- [erviceLocator-1] c.c.f.a.p.e.PortalMetaDomainService      : Located meta server address [http://localhost:8080] for env [DEV]
2024-09-05 16:52:19.696  INFO 80321 --- [erviceLocator-1] c.c.f.a.p.e.PortalMetaDomainService      : Located meta server address [http://localhost:8080] for env [LOCAL]
2024-09-05 16:52:19.828  WARN 80321 --- [           main] JpaBaseConfiguration$JpaWebConfiguration : spring.jpa.open-in-view is enabled by default. Therefore, database queries may be performed during view rendering. Explicitly configure spring.jpa.open-in-view to disable this warning
-- 用户详情服务
2024-09-05 16:52:19.887  WARN 80321 --- [           main] .s.s.UserDetailsServiceAutoConfiguration : 

Using generated security password: 765957ff-ea0a-4f8f-82aa-ecf057488e2e

This generated password is for development use only. Your security configuration must be updated before running your application in production.

2024-09-05 16:52:19.945  INFO 80321 --- [           main] o.s.s.web.DefaultSecurityFilterChain     : Will secure any request with [org.springframework.security.web.session.DisableEncodeUrlFilter@38cfecf3, org.springframework.security.web.context.request.async.WebAsyncManagerIntegrationFilter@682618e5, org.springframework.security.web.context.SecurityContextPersistenceFilter@165614f5, org.springframework.security.web.header.HeaderWriterFilter@7708b66a, org.springframework.security.web.authentication.logout.LogoutFilter@2b79c8ff, org.springframework.security.web.savedrequest.RequestCacheAwareFilter@5b0902b4, org.springframework.security.web.servletapi.SecurityContextHolderAwareRequestFilter@333398f, org.springframework.security.web.authentication.AnonymousAuthenticationFilter@25ad25f5, org.springframework.security.web.session.SessionManagementFilter@5bf4764d, org.springframework.security.web.access.ExceptionTranslationFilter@6ddc67d0]
2024-09-05 16:52:20.033  INFO 80321 --- [           main] o.s.b.a.w.s.WelcomePageHandlerMapping    : Adding welcome page: class path resource [static/index.html]
2024-09-05 16:52:20.298  INFO 80321 --- [           main] o.s.b.a.e.web.EndpointLinksResolver      : Exposing 4 endpoint(s) beneath base path ''
2024-09-05 16:52:20.331  INFO 80321 --- [           main] o.s.b.w.embedded.tomcat.TomcatWebServer  : Tomcat started on port(s): 8070 (http) with context path ''
2024-09-05 16:52:20.343  INFO 80321 --- [           main] s.a.ScheduledAnnotationBeanPostProcessor : No TaskScheduler/ScheduledExecutorService bean found for scheduled processing
-- 应用启动完成
2024-09-05 16:52:20.349  INFO 80321 --- [           main] c.c.f.apollo.portal.PortalApplication    : Started PortalApplication in 4.963 seconds (JVM running for 5.434)

2024-09-05 16:52:33.167  INFO 80321 --- [nio-8070-exec-1] o.a.c.c.C.[Tomcat].[localhost].[/]       : Initializing Spring DispatcherServlet 'dispatcherServlet'
2024-09-05 16:52:33.168  INFO 80321 --- [nio-8070-exec-1] o.s.web.servlet.DispatcherServlet        : Initializing Servlet 'dispatcherServlet'
2024-09-05 16:52:33.169  INFO 80321 --- [nio-8070-exec-1] o.s.web.servlet.DispatcherServlet        : Completed initialization in 1 ms

